<?xml version="1.0" encoding="UTF-8" standalone="no"?>
<!DOCTYPE log SYSTEM "logger.dtd">
<log>
<record>
  <date>2026-01-30T04:37:20.826455400Z</date>
  <millis>1769747840826</millis>
  <nanos>455400</nanos>
  <sequence>0</sequence>
  <logger>Problem3</logger>
  <level>INFO</level>
  <class>Problem3</class>
  <method>main</method>
  <thread>1</thread>
  <message>Username is Validated</message>
</record>
<record>
  <date>2026-01-30T04:37:24.490120800Z</date>
  <millis>1769747844490</millis>
  <nanos>120800</nanos>
  <sequence>1</sequence>
  <logger>Problem3</logger>
  <level>INFO</level>
  <class>Problem3</class>
  <method>main</method>
  <thread>1</thread>
  <message>Age is Validated</message>
</record>
</log>
<?xml version="1.0" encoding="UTF-8" standalone="no"?>
<!DOCTYPE log SYSTEM "logger.dtd">
<log>
<record>
  <date>2026-01-30T06:16:24.592919700Z</date>
  <millis>1769753784592</millis>
  <nanos>919700</nanos>
  <sequence>0</sequence>
  <logger>Problem3</logger>
  <level>INFO</level>
  <class>Problem3</class>
  <method>main</method>
  <thread>1</thread>
  <message>Username is Validated</message>
</record>
<record>
  <date>2026-01-30T06:16:32.252490800Z</date>
  <millis>1769753792252</millis>
  <nanos>490800</nanos>
  <sequence>1</sequence>
  <logger>Problem3</logger>
  <level>SEVERE</level>
  <class>Problem3</class>
  <method>main</method>
  <thread>1</thread>
  <message>Input is Wrong</message>
</record>
</log>
